#
# A fatal error has been detected by the Java Runtime Environment:
#
#  EXCEPTION_ACCESS_VIOLATION (0xc0000005) at pc=0x000000005577a0a5, pid=9944, tid=0x00000000000006e4
#
# JRE version: Java(TM) SE Runtime Environment (8.0_101-b13) (build 1.8.0_101-b13)
# Java VM: Java HotSpot(TM) 64-Bit Server VM (25.101-b13 mixed mode windows-amd64 compressed oops)
# Problematic frame:
# V  [jvm.dll+0x12a0a5]
#
# Failed to write core dump. Minidumps are not enabled by default on client versions of Windows
#
# If you would like to submit a bug report, please visit:
#   http://bugreport.java.com/bugreport/crash.jsp
#

---------------  T H R E A D  ---------------

Current thread (0x000000001bcb4000):  JavaThread "JDWP Transport Listener: dt_socket" daemon [_thread_in_vm, id=1764, stack(0x000000001d310000,0x000000001d410000)]

siginfo: ExceptionCode=0xc0000005, reading address 0xffffffffffffffff

Registers:
RAX=0x000000001d40f401, RBX=0x000000001bcb4000, RCX=0x003b650000000008, RDX=0x0000000000000000
RSP=0x000000001d40f3c0, RBP=0x003b650000000008, RSI=0x000000001d40f4d8, RDI=0x0000000002528650
R8 =0x000000001bcb4000, R9 =0x0000000000000001, R10=0x0000000000008000, R11=0x000000001d40f310
R12=0x0000000000000000, R13=0x000000001bcc2858, R14=0x0000000000000000, R15=0x0000000000000000
RIP=0x000000005577a0a5, EFLAGS=0x0000000000010202

Top of Stack: (sp=0x000000001d40f3c0)
0x000000001d40f3c0:   000000001bcb4000 000000001bcb4000
0x000000001d40f3d0:   000000001d40f488 0000000055982f0b
0x000000001d40f3e0:   000000001bcb4000 000000005599f76d
0x000000001d40f3f0:   0000000000000000 0000000055579155
0x000000001d40f400:   000000001d66cc60 000000005558291e
0x000000001d40f410:   000000001bcb4000 0000000000000000
0x000000001d40f420:   0000000000000000 0000000000000000
0x000000001d40f430:   003b650000000008 0000000055581a15
0x000000001d40f440:   000000001d40f4d8 000000001d40f4b0
0x000000001d40f450:   0000000000000001 000000001d66cc60
0x000000001d40f460:   003b650000000008 00000000555653b3
0x000000001d40f470:   000000001d40f5a0 0000000000000001
0x000000001d40f480:   0000000000000001 000000001d66cc60
0x000000001d40f490:   0000000000000019 0000000000000000
0x000000001d40f4a0:   0000000000000000 0000000000000000
0x000000001d40f4b0:   0000000000000001 0000000055565571 

Instructions: (pc=0x000000005577a0a5)
0x000000005577a085:   cc cc cc cc cc cc cc cc cc cc cc 48 83 ec 28 48
0x000000005577a095:   85 c9 75 07 33 c0 48 83 c4 28 c3 48 89 5c 24 20
0x000000005577a0a5:   48 8b 19 48 85 db 74 20 48 83 fb 37 74 1a 48 8b
0x000000005577a0b5:   13 48 8b cb ff 52 10 84 c0 74 0d 48 8b c3 48 8b 


Register to memory mapping:

RAX=0x000000001d40f401 is pointing into the stack for thread: 0x000000001bcb4000
RBX=0x000000001bcb4000 is a thread
RCX=0x003b650000000008 is an unknown value
RDX=0x0000000000000000 is an unknown value
RSP=0x000000001d40f3c0 is pointing into the stack for thread: 0x000000001bcb4000
RBP=0x003b650000000008 is an unknown value
RSI=0x000000001d40f4d8 is pointing into the stack for thread: 0x000000001bcb4000
RDI=0x0000000002528650 is an unknown value
R8 =0x000000001bcb4000 is a thread
R9 =0x0000000000000001 is an unknown value
R10=0x0000000000008000 is an unknown value
R11=0x000000001d40f310 is pointing into the stack for thread: 0x000000001bcb4000
R12=0x0000000000000000 is an unknown value
R13=0x000000001bcc2858 is an unknown value
R14=0x0000000000000000 is an unknown value
R15=0x0000000000000000 is an unknown value


Stack: [0x000000001d310000,0x000000001d410000],  sp=0x000000001d40f3c0,  free space=1020k
Native frames: (J=compiled Java code, j=interpreted, Vv=VM code, C=native code)
V  [jvm.dll+0x12a0a5]
V  [jvm.dll+0x34f76d]
C  [jdwp.dll+0x21a15]
C  [jdwp.dll+0x53b3]
C  [jdwp.dll+0x5571]
C  [jdwp.dll+0xf0a8]
C  [jdwp.dll+0x1f2d5]
C  [jdwp.dll+0x1f4aa]
V  [jvm.dll+0x1bd258]
V  [jvm.dll+0x2451a4]
V  [jvm.dll+0x29c18a]
C  [msvcr100.dll+0x21d9f]
C  [msvcr100.dll+0x21e3b]
C  [KERNEL32.DLL+0x17034]
C  [ntdll.dll+0x52651]


---------------  P R O C E S S  ---------------

Java Threads: ( => current thread )
  0x000000001d723800 JavaThread "Service Thread" daemon [_thread_blocked, id=1572, stack(0x000000001dd10000,0x000000001de10000)]
  0x000000001bd05000 JavaThread "C1 CompilerThread2" daemon [_thread_blocked, id=12600, stack(0x000000001dc10000,0x000000001dd10000)]
  0x000000001d716000 JavaThread "C2 CompilerThread1" daemon [_thread_blocked, id=892, stack(0x000000001db10000,0x000000001dc10000)]
  0x000000001bd01000 JavaThread "C2 CompilerThread0" daemon [_thread_blocked, id=12580, stack(0x000000001da10000,0x000000001db10000)]
  0x000000001bcc8800 JavaThread "JDWP Command Reader" daemon [_thread_in_native, id=10056, stack(0x000000001d510000,0x000000001d610000)]
  0x000000001bcc5000 JavaThread "JDWP Event Helper Thread" daemon [_thread_blocked, id=8048, stack(0x000000001d410000,0x000000001d510000)]
=>0x000000001bcb4000 JavaThread "JDWP Transport Listener: dt_socket" daemon [_thread_in_vm, id=1764, stack(0x000000001d310000,0x000000001d410000)]
  0x000000001bcb0000 JavaThread "Attach Listener" daemon [_thread_blocked, id=7300, stack(0x000000001d210000,0x000000001d310000)]
  0x000000001bcaf000 JavaThread "Signal Dispatcher" daemon [_thread_blocked, id=13068, stack(0x000000001d110000,0x000000001d210000)]
  0x000000000272c800 JavaThread "Finalizer" daemon [_thread_blocked, id=13240, stack(0x000000001cf10000,0x000000001d010000)]
  0x0000000002722000 JavaThread "Reference Handler" daemon [_thread_blocked, id=1844, stack(0x000000001ce10000,0x000000001cf10000)]
  0x000000000252e800 JavaThread "main" [_thread_blocked, id=2208, stack(0x0000000002400000,0x0000000002500000)]

Other Threads:
  0x000000001bc77000 VMThread [stack: 0x000000001cd10000,0x000000001ce10000] [id=12724]
  0x000000001d798800 WatcherThread [stack: 0x000000001de10000,0x000000001df10000] [id=1544]

VM state:not at safepoint (normal execution)

VM Mutex/Monitor currently owned by a thread: None

Heap:
 PSYoungGen      total 75776K, used 5225K [0x000000076b600000, 0x0000000770a80000, 0x00000007c0000000)
  eden space 65024K, 8% used [0x000000076b600000,0x000000076bb1a470,0x000000076f580000)
  from space 10752K, 0% used [0x0000000770000000,0x0000000770000000,0x0000000770a80000)
  to   space 10752K, 0% used [0x000000076f580000,0x000000076f580000,0x0000000770000000)
 ParOldGen       total 173568K, used 0K [0x00000006c2200000, 0x00000006ccb80000, 0x000000076b600000)
  object space 173568K, 0% used [0x00000006c2200000,0x00000006c2200000,0x00000006ccb80000)
 Metaspace       used 3113K, capacity 4652K, committed 4864K, reserved 1056768K
  class space    used 331K, capacity 424K, committed 512K, reserved 1048576K

Card table byte_map: [0x0000000011af0000,0x00000000122e0000] byte_map_base: 0x000000000e4df000

Marking Bits: (ParMarkBitMap*) 0x0000000055e6a6d0
 Begin Bits: [0x0000000012c30000, 0x0000000016ba8000)
 End Bits:   [0x0000000016ba8000, 0x000000001ab20000)

Polling page: 0x0000000000700000

CodeCache: size=245760Kb used=1197Kb max_used=1197Kb free=244562Kb
 bounds [0x0000000002730000, 0x00000000029a0000, 0x0000000011730000]
 total_blobs=293 nmethods=56 adapters=158
 compilation: enabled

Compilation events (10 events):
Event: 0.593 Thread 0x000000001bd05000   51       3       java.util.jar.Attributes$Name::isAlpha (30 bytes)
Event: 0.593 Thread 0x000000001bd05000 nmethod 51 0x0000000002859e10 code [0x0000000002859f60, 0x000000000285a190]
Event: 0.593 Thread 0x000000001bd05000   52       1       java.lang.ref.Reference::get (5 bytes)
Event: 0.593 Thread 0x000000001bd05000 nmethod 52 0x000000000285a210 code [0x000000000285a360, 0x000000000285a470]
Event: 0.595 Thread 0x000000001bd05000   54       3       java.util.HashMap::get (23 bytes)
Event: 0.595 Thread 0x000000001bd05000 nmethod 54 0x000000000285a4d0 code [0x000000000285a660, 0x000000000285aa78]
Event: 5.301 Thread 0x000000001bd05000   55       3       java.lang.StringBuilder::append (8 bytes)
Event: 5.301 Thread 0x000000001bd05000 nmethod 55 0x000000000285abd0 code [0x000000000285ad40, 0x000000000285aee8]
Event: 6.652 Thread 0x000000001bd05000   56       3       java.lang.String::getChars (62 bytes)
Event: 6.653 Thread 0x000000001bd05000 nmethod 56 0x000000000285af90 code [0x000000000285b160, 0x000000000285b618]

GC Heap History (0 events):
No events

Deoptimization events (0 events):
No events

Internal exceptions (2 events):
Event: 0.056 Thread 0x000000000252e800 Exception <a 'java/lang/NoSuchMethodError': Method sun.misc.Unsafe.defineClass(Ljava/lang/String;[BII)Ljava/lang/Class; name or signature does not match> (0x000000076b607cc0) thrown at [C:\re\workspace\8-2-build-windows-amd64-cygwin\jdk8u101\7261\hotspot\s—ƒê0pŠ¬?
Event: 0.056 Thread 0x000000000252e800 Exception <a 'java/lang/NoSuchMethodError': Method sun.misc.Unsafe.prefetchRead(Ljava/lang/Object;J)V name or signature does not match> (0x000000076b607fa8) thrown at [C:\re\workspace\8-2-build-windows-amd64-cygwin\jdk8u101\7261\hotspot\src\share\vm\prims\

Events (10 events):
Event: 2077.208 Executing VM operation: ChangeBreakpoints
Event: 2077.208 Executing VM operation: ChangeBreakpoints done
Event: 2077.553 Executing VM operation: ChangeBreakpoints
Event: 2077.553 Executing VM operation: ChangeBreakpoints done
Event: 2078.200 Executing VM operation: ChangeBreakpoints
Event: 2078.200 Executing VM operation: ChangeBreakpoints done
Event: 2078.632 Executing VM operation: ChangeBreakpoints
Event: 2078.632 Executing VM operation: ChangeBreakpoints done
Event: 2142.053 Executing VM operation: RedefineClasses
Event: 2142.054 Executing VM operation: RedefineClasses done


Dynamic libraries:
0x00007ff679cf0000 - 0x00007ff679d27000 	C:\Program Files\Java\jdk1.8.0_101\bin\java.exe
0x00007ffdf5a70000 - 0x00007ffdf5c67000 	C:\Windows\SYSTEM32\ntdll.dll
0x00007ffdf47d0000 - 0x00007ffdf488d000 	C:\Windows\System32\KERNEL32.DLL
0x00007ffdf35d0000 - 0x00007ffdf389d000 	C:\Windows\System32\KERNELBASE.dll
0x00007ffdf5320000 - 0x00007ffdf53ce000 	C:\Windows\System32\ADVAPI32.dll
0x00007ffdf4060000 - 0x00007ffdf40fe000 	C:\Windows\System32\msvcrt.dll
0x00007ffdf4690000 - 0x00007ffdf472c000 	C:\Windows\System32\sechost.dll
0x00007ffdf4560000 - 0x00007ffdf4685000 	C:\Windows\System32\RPCRT4.dll
0x00007ffdf5180000 - 0x00007ffdf5320000 	C:\Windows\System32\USER32.dll
0x00007ffdf3190000 - 0x00007ffdf31b2000 	C:\Windows\System32\win32u.dll
0x00007ffdf4120000 - 0x00007ffdf414a000 	C:\Windows\System32\GDI32.dll
0x00007ffdf3910000 - 0x00007ffdf3a1b000 	C:\Windows\System32\gdi32full.dll
0x00007ffdf32a0000 - 0x00007ffdf333d000 	C:\Windows\System32\msvcp_win.dll
0x00007ffdf3370000 - 0x00007ffdf3470000 	C:\Windows\System32\ucrtbase.dll
0x00007ffdd4030000 - 0x00007ffdd42ca000 	C:\Windows\WinSxS\amd64_microsoft.windows.common-controls_6595b64144ccf1df_6.0.19041.1110_none_60b5254171f9507e\COMCTL32.dll
0x00007ffdf47a0000 - 0x00007ffdf47d0000 	C:\Windows\System32\IMM32.DLL
0x0000000055ef0000 - 0x0000000055fc2000 	C:\Program Files\Java\jdk1.8.0_101\jre\bin\msvcr100.dll
0x0000000055650000 - 0x0000000055eea000 	C:\Program Files\Java\jdk1.8.0_101\jre\bin\server\jvm.dll
0x00007ffdf4550000 - 0x00007ffdf4558000 	C:\Windows\System32\PSAPI.DLL
0x00007ffdeec20000 - 0x00007ffdeec47000 	C:\Windows\SYSTEM32\WINMM.dll
0x00007ffdef040000 - 0x00007ffdef049000 	C:\Windows\SYSTEM32\WSOCK32.dll
0x00007ffdf4890000 - 0x00007ffdf48fb000 	C:\Windows\System32\WS2_32.dll
0x00007ffdec160000 - 0x00007ffdec16a000 	C:\Windows\SYSTEM32\VERSION.dll
0x0000000055640000 - 0x000000005564f000 	C:\Program Files\Java\jdk1.8.0_101\jre\bin\verify.dll
0x0000000055610000 - 0x0000000055639000 	C:\Program Files\Java\jdk1.8.0_101\jre\bin\java.dll
0x0000000055560000 - 0x0000000055595000 	C:\Program Files\Java\jdk1.8.0_101\jre\bin\jdwp.dll
0x0000000055550000 - 0x0000000055558000 	C:\Program Files\Java\jdk1.8.0_101\jre\bin\npt.dll
0x0000000055520000 - 0x0000000055543000 	C:\Program Files\Java\jdk1.8.0_101\jre\bin\instrument.dll
0x00000000555f0000 - 0x0000000055606000 	C:\Program Files\Java\jdk1.8.0_101\jre\bin\zip.dll
0x00007ffdf4960000 - 0x00007ffdf50a4000 	C:\Windows\System32\SHELL32.dll
0x00007ffdf1290000 - 0x00007ffdf1a24000 	C:\Windows\SYSTEM32\windows.storage.dll
0x00007ffdf3c80000 - 0x00007ffdf3fd4000 	C:\Windows\System32\combase.dll
0x00007ffdf2bf0000 - 0x00007ffdf2c1c000 	C:\Windows\SYSTEM32\Wldp.dll
0x00007ffdf4410000 - 0x00007ffdf44bd000 	C:\Windows\System32\SHCORE.dll
0x00007ffdf4150000 - 0x00007ffdf41a5000 	C:\Windows\System32\shlwapi.dll
0x00007ffdf30d0000 - 0x00007ffdf30ef000 	C:\Windows\SYSTEM32\profapi.dll
0x0000000055510000 - 0x0000000055519000 	C:\Program Files\Java\jdk1.8.0_101\jre\bin\dt_socket.dll
0x00007ffdf2950000 - 0x00007ffdf29ba000 	C:\Windows\system32\mswsock.dll
0x00007ffddd4a0000 - 0x00007ffddd684000 	C:\Windows\SYSTEM32\dbghelp.dll
0x00007ffdf3210000 - 0x00007ffdf3292000 	C:\Windows\System32\bcryptPrimitives.dll

VM Arguments:
jvm_args: -agentlib:jdwp=transport=dt_socket,address=127.0.0.1:60772,suspend=y,server=n -javaagent:C:\Users\ahmed\AppData\Local\JetBrains\IdeaIC2021.1\captureAgent\debugger-agent.jar -Dfile.encoding=UTF-8 
java_command: leetcode.linked_list._21__Merge_Two_Sorted_ListsKt
java_class_path (initial): C:\Program Files\Java\jdk1.8.0_101\jre\lib\charsets.jar;C:\Program Files\Java\jdk1.8.0_101\jre\lib\deploy.jar;C:\Program Files\Java\jdk1.8.0_101\jre\lib\ext\access-bridge-64.jar;C:\Program Files\Java\jdk1.8.0_101\jre\lib\ext\cldrdata.jar;C:\Program Files\Java\jdk1.8.0_101\jre\lib\ext\dnsns.jar;C:\Program Files\Java\jdk1.8.0_101\jre\lib\ext\jaccess.jar;C:\Program Files\Java\jdk1.8.0_101\jre\lib\ext\jfxrt.jar;C:\Program Files\Java\jdk1.8.0_101\jre\lib\ext\localedata.jar;C:\Program Files\Java\jdk1.8.0_101\jre\lib\ext\nashorn.jar;C:\Program Files\Java\jdk1.8.0_101\jre\lib\ext\sunec.jar;C:\Program Files\Java\jdk1.8.0_101\jre\lib\ext\sunjce_provider.jar;C:\Program Files\Java\jdk1.8.0_101\jre\lib\ext\sunmscapi.jar;C:\Program Files\Java\jdk1.8.0_101\jre\lib\ext\sunpkcs11.jar;C:\Program Files\Java\jdk1.8.0_101\jre\lib\ext\zipfs.jar;C:\Program Files\Java\jdk1.8.0_101\jre\lib\javaws.jar;C:\Program Files\Java\jdk1.8.0_101\jre\lib\jce.jar;C:\Program Files\Java\jdk1.8.0_101\jre\lib\jfr.jar;C:\Program Files\Java\jdk1.8.0_101\jre\lib\jfxswt.jar;C:\Program Files\Java\jdk1.8.0_101\jre\lib\jsse.jar;C:\Program Files\Java\jdk1.8.0_101\jre\lib\management-agent.jar;C:\Program Files\Java\jdk1.8.0_101\jre\lib\plugin.jar;C:\Program Files\Java\jdk1.8.0_101\jre\lib\resources.jar;C:\Program Files\Java\jdk1.8.0_101\jre\lib\rt.jar;C:\Users\ahmed\IdeaProjects\Problem-Solving\out\production\problem_solving;C:\Users\ahmed\AppData\Roaming\JetBrains\IdeaIC2021.1\plugins\Kotlin\kotlinc\lib\kotlin-stdlib.jar;C:\Users\ahmed\AppData\Roaming\JetBrains\IdeaIC2021.1\plugins\Kotlin\kotlinc\lib\kotlin-reflect.jar;C:\Users\ahmed\AppData\Roaming\JetBrains\IdeaIC2021.1\plugins\Kotlin\kotlinc\lib\kotlin-test.jar;C:\Users\ahmed\AppData\Roaming\JetBrains\IdeaIC2021.1\plugins\Kotlin\kotlinc\lib\kotlin-stdlib-jdk7.jar;C:\Users\ahmed\AppData\Roaming\JetBrains\IdeaIC2021.1\plugins\Kotlin\kotlinc\lib\kotlin-stdlib-jdk8.jar;C:\Program Files\JetBrains\IntelliJ IDEA Community Edition 2020.3.2\li
Launcher Type: SUN_STANDARD

Environment Variables:
JAVA_HOME=C:\Program Files\Java\jdk-17.0.1
PATH=C:\Program Files\Common Files\Oracle\Java\javapath;C:\Program Files\Java\jdk-17.0.1\bin;C:\Users\ahmed\AppData\Local\Flutter\flutter\bin;C:\Windows\System32;C:\Program Files\Git\bin\git.exe;C:\Program Files\Git\cmd;C:\Windows\System32\WindowsPowerShell\v1.0;C:\Program Files\PuTTY\;C:\Users\ahmed\AppData\Local\Microsoft\WindowsApps;"C:\Program Files\Git\cmd;C:\Windows\System32";C:\Users\ahmed\AppData\Local\Flutter\flutter\bin;
USERNAME=ahmed
OS=Windows_NT
PROCESSOR_IDENTIFIER=Intel64 Family 6 Model 78 Stepping 3, GenuineIntel



---------------  S Y S T E M  ---------------

OS: Windows 10.0 , 64 bit Build 19041 (10.0.19041.1741)

CPU:total 4 (2 cores per cpu, 2 threads per core) family 6 model 78 stepping 3, cmov, cx8, fxsr, mmx, sse, sse2, sse3, ssse3, sse4.1, sse4.2, popcnt, avx, avx2, aes, clmul, erms, 3dnowpref, lzcnt, ht, tsc, tscinvbit, bmi1, bmi2, adx

Memory: 4k page, physical 16630272k(8274112k free), swap 19120640k(8327232k free)

vm_info: Java HotSpot(TM) 64-Bit Server VM (25.101-b13) for windows-amd64 JRE (1.8.0_101-b13), built on Jun 22 2016 01:21:29 by "java_re" with MS VC++ 10.0 (VS2010)

time: Tue Jun 28 09:59:01 2022
elapsed time: 2142 seconds (0d 0h 35m 42s)

